[2017.01.21 07:30:14] (Coverage): Error during class instrumentation: com.sun.beans.finder.ClassFinder
java.lang.NullPointerException
	at com.intellij.rt.coverage.instrumentation.Instrumentator$MyClassWriter.typeInfo(Instrumentator.java:370)
	at com.intellij.rt.coverage.instrumentation.Instrumentator$MyClassWriter.getCommonSuperClass(Instrumentator.java:295)
	at org.jetbrains.org.objectweb.asm.ClassWriter.getMergedType(ClassWriter.java:1654)
	at org.jetbrains.org.objectweb.asm.Frame.merge(Frame.java:1426)
	at org.jetbrains.org.objectweb.asm.Frame.merge(Frame.java:1325)
	at org.jetbrains.org.objectweb.asm.MethodWriter.visitMaxs(MethodWriter.java:1475)
	at org.jetbrains.org.objectweb.asm.MethodVisitor.visitMaxs(MethodVisitor.java:866)
	at com.intellij.rt.coverage.instrumentation.SamplingInstrumenter$1.visitMaxs(SamplingInstrumenter.java:99)
	at org.jetbrains.org.objectweb.asm.ClassReader.readCode(ClassReader.java:1554)
	at org.jetbrains.org.objectweb.asm.ClassReader.readMethod(ClassReader.java:1017)
	at org.jetbrains.org.objectweb.asm.ClassReader.accept(ClassReader.java:693)
	at org.jetbrains.org.objectweb.asm.ClassReader.accept(ClassReader.java:506)
	at com.intellij.rt.coverage.instrumentation.Instrumentator.instrument(Instrumentator.java:193)
	at com.intellij.rt.coverage.instrumentation.Instrumentator.access$000(Instrumentator.java:41)
	at com.intellij.rt.coverage.instrumentation.Instrumentator$1.transform(Instrumentator.java:154)
	at sun.instrument.TransformerManager.transform(TransformerManager.java:188)
	at sun.instrument.InstrumentationImpl.transform(InstrumentationImpl.java:424)
	at com.sun.beans.finder.InstanceFinder.instantiate(InstanceFinder.java:93)
	at com.sun.beans.finder.InstanceFinder.find(InstanceFinder.java:66)
	at java.beans.Introspector.findExplicitBeanInfo(Introspector.java:438)
	at java.beans.Introspector.<init>(Introspector.java:388)
	at java.beans.Introspector.getBeanInfo(Introspector.java:163)
	at org.apache.log4j.config.PropertySetter.introspect(PropertySetter.java:83)
	at org.apache.log4j.config.PropertySetter.getPropertyDescriptor(PropertySetter.java:294)
	at org.apache.log4j.config.PropertySetter.setProperty(PropertySetter.java:195)
	at org.apache.log4j.xml.DOMConfigurator.setParameter(DOMConfigurator.java:691)
	at org.apache.log4j.xml.DOMConfigurator.parseAppender(DOMConfigurator.java:265)
	at org.apache.log4j.xml.DOMConfigurator.findAppenderByName(DOMConfigurator.java:176)
	at org.apache.log4j.xml.DOMConfigurator.findAppenderByReference(DOMConfigurator.java:191)
	at org.apache.log4j.xml.DOMConfigurator.parseChildrenOfLoggerElement(DOMConfigurator.java:523)
	at org.apache.log4j.xml.DOMConfigurator.parseCategory(DOMConfigurator.java:436)
	at org.apache.log4j.xml.DOMConfigurator.parse(DOMConfigurator.java:1004)
	at org.apache.log4j.xml.DOMConfigurator.doConfigure(DOMConfigurator.java:872)
	at org.apache.log4j.xml.DOMConfigurator.doConfigure(DOMConfigurator.java:778)
	at org.apache.log4j.helpers.OptionConverter.selectAndConfigure(OptionConverter.java:526)
	at org.apache.log4j.LogManager.<clinit>(LogManager.java:127)
	at org.slf4j.impl.Log4jLoggerFactory.getLogger(Log4jLoggerFactory.java:64)
	at org.slf4j.LoggerFactory.getLogger(LoggerFactory.java:270)
	at org.slf4j.LoggerFactory.getLogger(LoggerFactory.java:281)
	at com.byou.uwt.model.viewconfig.TabOperationModel.<clinit>(TabOperationModel.java:24)
	at com.test1.java2Json(test1.java:55)
	at com.test1.main(test1.java:155)
	at sun.reflect.NativeMethodAccessorImpl.invoke0(Native Method)
	at sun.reflect.NativeMethodAccessorImpl.invoke(NativeMethodAccessorImpl.java:57)
	at sun.reflect.DelegatingMethodAccessorImpl.invoke(DelegatingMethodAccessorImpl.java:43)
	at java.lang.reflect.Method.invoke(Method.java:606)
	at com.intellij.rt.execution.application.AppMain.main(AppMain.java:140)
[2017.01.21 07:30:14] (Coverage): Error during class instrumentation: com.sun.beans.TypeResolver
java.lang.NullPointerException
	at com.intellij.rt.coverage.instrumentation.Instrumentator$MyClassWriter.typeInfo(Instrumentator.java:370)
	at com.intellij.rt.coverage.instrumentation.Instrumentator$MyClassWriter.getCommonSuperClass(Instrumentator.java:295)
	at org.jetbrains.org.objectweb.asm.ClassWriter.getMergedType(ClassWriter.java:1654)
	at org.jetbrains.org.objectweb.asm.Frame.merge(Frame.java:1426)
	at org.jetbrains.org.objectweb.asm.Frame.merge(Frame.java:1325)
	at org.jetbrains.org.objectweb.asm.MethodWriter.visitMaxs(MethodWriter.java:1475)
	at org.jetbrains.org.objectweb.asm.MethodVisitor.visitMaxs(MethodVisitor.java:866)
	at com.intellij.rt.coverage.instrumentation.SamplingInstrumenter$1.visitMaxs(SamplingInstrumenter.java:99)
	at org.jetbrains.org.objectweb.asm.ClassReader.readCode(ClassReader.java:1554)
	at org.jetbrains.org.objectweb.asm.ClassReader.readMethod(ClassReader.java:1017)
	at org.jetbrains.org.objectweb.asm.ClassReader.accept(ClassReader.java:693)
	at org.jetbrains.org.objectweb.asm.ClassReader.accept(ClassReader.java:506)
	at com.intellij.rt.coverage.instrumentation.Instrumentator.instrument(Instrumentator.java:193)
	at com.intellij.rt.coverage.instrumentation.Instrumentator.access$000(Instrumentator.java:41)
	at com.intellij.rt.coverage.instrumentation.Instrumentator$1.transform(Instrumentator.java:154)
	at sun.instrument.TransformerManager.transform(TransformerManager.java:188)
	at sun.instrument.InstrumentationImpl.transform(InstrumentationImpl.java:424)
	at java.beans.FeatureDescriptor.getParameterTypes(FeatureDescriptor.java:387)
	at java.beans.MethodDescriptor.setMethod(MethodDescriptor.java:114)
	at java.beans.MethodDescriptor.<init>(MethodDescriptor.java:72)
	at java.beans.MethodDescriptor.<init>(MethodDescriptor.java:56)
	at java.beans.Introspector.getTargetMethodInfo(Introspector.java:1149)
	at java.beans.Introspector.getBeanInfo(Introspector.java:416)
	at java.beans.Introspector.getBeanInfo(Introspector.java:163)
	at java.beans.Introspector.getBeanInfo(Introspector.java:250)
	at java.beans.Introspector.<init>(Introspector.java:397)
	at java.beans.Introspector.getBeanInfo(Introspector.java:163)
	at java.beans.Introspector.getBeanInfo(Introspector.java:250)
	at java.beans.Introspector.<init>(Introspector.java:397)
	at java.beans.Introspector.getBeanInfo(Introspector.java:163)
	at org.apache.log4j.config.PropertySetter.introspect(PropertySetter.java:83)
	at org.apache.log4j.config.PropertySetter.getPropertyDescriptor(PropertySetter.java:294)
	at org.apache.log4j.config.PropertySetter.setProperty(PropertySetter.java:195)
	at org.apache.log4j.xml.DOMConfigurator.setParameter(DOMConfigurator.java:691)
	at org.apache.log4j.xml.DOMConfigurator.parseAppender(DOMConfigurator.java:265)
	at org.apache.log4j.xml.DOMConfigurator.findAppenderByName(DOMConfigurator.java:176)
	at org.apache.log4j.xml.DOMConfigurator.findAppenderByReference(DOMConfigurator.java:191)
	at org.apache.log4j.xml.DOMConfigurator.parseChildrenOfLoggerElement(DOMConfigurator.java:523)
	at org.apache.log4j.xml.DOMConfigurator.parseCategory(DOMConfigurator.java:436)
	at org.apache.log4j.xml.DOMConfigurator.parse(DOMConfigurator.java:1004)
	at org.apache.log4j.xml.DOMConfigurator.doConfigure(DOMConfigurator.java:872)
	at org.apache.log4j.xml.DOMConfigurator.doConfigure(DOMConfigurator.java:778)
	at org.apache.log4j.helpers.OptionConverter.selectAndConfigure(OptionConverter.java:526)
	at org.apache.log4j.LogManager.<clinit>(LogManager.java:127)
	at org.slf4j.impl.Log4jLoggerFactory.getLogger(Log4jLoggerFactory.java:64)
	at org.slf4j.LoggerFactory.getLogger(LoggerFactory.java:270)
	at org.slf4j.LoggerFactory.getLogger(LoggerFactory.java:281)
	at com.byou.uwt.model.viewconfig.TabOperationModel.<clinit>(TabOperationModel.java:24)
	at com.test1.java2Json(test1.java:55)
	at com.test1.main(test1.java:155)
	at sun.reflect.NativeMethodAccessorImpl.invoke0(Native Method)
	at sun.reflect.NativeMethodAccessorImpl.invoke(NativeMethodAccessorImpl.java:57)
	at sun.reflect.DelegatingMethodAccessorImpl.invoke(DelegatingMethodAccessorImpl.java:43)
	at java.lang.reflect.Method.invoke(Method.java:606)
	at com.intellij.rt.execution.application.AppMain.main(AppMain.java:140)
